[rospy.client][INFO] 2020-04-07 23:23:05,080: init_node, name[/command_robot_home_pose], pid[2628]
[xmlrpc][INFO] 2020-04-07 23:23:05,082: XML-RPC server binding to 0.0.0.0:0
[xmlrpc][INFO] 2020-04-07 23:23:05,082: Started XML-RPC server [http://ad5fc0fb7c77:38833/]
[rospy.impl.masterslave][INFO] 2020-04-07 23:23:05,083: _ready: http://ad5fc0fb7c77:38833/
[xmlrpc][INFO] 2020-04-07 23:23:05,083: xml rpc node: starting XML-RPC server
[rospy.registration][INFO] 2020-04-07 23:23:05,084: Registering with master node http://localhost:11311
[rospy.init][INFO] 2020-04-07 23:23:05,085: ROS Slave URI: [http://ad5fc0fb7c77:38833/]
[rospy.init][INFO] 2020-04-07 23:23:05,086: registered with master
[rospy.rosout][INFO] 2020-04-07 23:23:05,086: initializing /rosout core topic
[rospy.rosout][INFO] 2020-04-07 23:23:05,092: connected to core topic /rosout
[rospy.simtime][INFO] 2020-04-07 23:23:05,098: initializing /clock core topic
[rospy.simtime][INFO] 2020-04-07 23:23:05,118: connected to core topic /clock
[rospy.internal][INFO] 2020-04-07 23:23:05,129: topic[/clock] adding connection to [http://ad5fc0fb7c77:40237/], count 0
[rospy.internal][INFO] 2020-04-07 23:23:05,387: topic[/rosout] adding connection to [/rosout], count 0
[rospy.internal][INFO] 2020-04-07 23:23:10,416: topic[/j2n6s300/effort_joint_trajectory_controller/command] adding connection to [/gazebo], count 0
[rospy.internal][INFO] 2020-04-07 23:23:11,327: topic[/j2n6s300/effort_finger_trajectory_controller/command] adding connection to [/gazebo], count 0
[rospy.core][INFO] 2020-04-07 23:23:19,291: signal_shutdown [atexit]
[rospy.internal][INFO] 2020-04-07 23:23:19,297: topic[/j2n6s300/effort_joint_trajectory_controller/command] removing connection to /gazebo
[rospy.internal][INFO] 2020-04-07 23:23:19,297: topic[/rosout] removing connection to /rosout
[rospy.internal][INFO] 2020-04-07 23:23:19,302: topic[/j2n6s300/effort_finger_trajectory_controller/command] removing connection to /gazebo
[rospy.internal][INFO] 2020-04-07 23:23:19,302: topic[/clock] removing connection to http://ad5fc0fb7c77:40237/
[rospy.impl.masterslave][INFO] 2020-04-07 23:23:19,305: atexit
