[rospy.client][INFO] 2020-04-07 23:23:03,054: init_node, name[/urdf_spawner], pid[2393]
[xmlrpc][INFO] 2020-04-07 23:23:03,055: XML-RPC server binding to 0.0.0.0:0
[xmlrpc][INFO] 2020-04-07 23:23:03,056: Started XML-RPC server [http://ad5fc0fb7c77:46001/]
[rospy.impl.masterslave][INFO] 2020-04-07 23:23:03,056: _ready: http://ad5fc0fb7c77:46001/
[xmlrpc][INFO] 2020-04-07 23:23:03,056: xml rpc node: starting XML-RPC server
[rospy.registration][INFO] 2020-04-07 23:23:03,057: Registering with master node http://localhost:11311
[rospy.init][INFO] 2020-04-07 23:23:03,058: ROS Slave URI: [http://ad5fc0fb7c77:46001/]
[rospy.init][INFO] 2020-04-07 23:23:03,058: registered with master
[rospy.rosout][INFO] 2020-04-07 23:23:03,059: initializing /rosout core topic
[rospy.rosout][INFO] 2020-04-07 23:23:03,067: connected to core topic /rosout
[rospy.simtime][INFO] 2020-04-07 23:23:03,070: initializing /clock core topic
[rospy.simtime][INFO] 2020-04-07 23:23:03,074: connected to core topic /clock
[rospy.internal][INFO] 2020-04-07 23:23:03,092: topic[/clock] adding connection to [http://ad5fc0fb7c77:40237/], count 0
[rosout][INFO] 2020-04-07 23:23:03,100: Loading model XML from ros parameter
[rosout][INFO] 2020-04-07 23:23:03,114: Waiting for service /gazebo/spawn_urdf_model
[rosout][INFO] 2020-04-07 23:23:03,125: Calling service /gazebo/spawn_urdf_model
[rospy.internal][INFO] 2020-04-07 23:23:03,271: topic[/rosout] adding connection to [/rosout], count 0
[rosout][INFO] 2020-04-07 23:23:03,713: Spawn status: SpawnModel: Successfully spawned entity
[rosout][INFO] 2020-04-07 23:23:03,714: Waiting for service /gazebo/set_model_configuration
[rosout][INFO] 2020-04-07 23:23:03,737: temporary hack to **fix** the -J joint position option (issue #93), sleeping for 1 second to avoid race condition.
[rosout][INFO] 2020-04-07 23:23:04,739: Calling service /gazebo/set_model_configuration
[rosout][INFO] 2020-04-07 23:23:04,757: Set model configuration status: SetModelConfiguration: success
[rospy.core][INFO] 2020-04-07 23:23:04,758: signal_shutdown [atexit]
[rospy.internal][INFO] 2020-04-07 23:23:04,779: topic[/rosout] removing connection to /rosout
[rospy.internal][INFO] 2020-04-07 23:23:04,780: topic[/clock] removing connection to http://ad5fc0fb7c77:40237/
[rospy.impl.masterslave][INFO] 2020-04-07 23:23:04,780: atexit
[rospy.internal][WARNING] 2020-04-07 23:23:04,781: Unknown error initiating TCP/IP socket to ad5fc0fb7c77:34535 (http://ad5fc0fb7c77:40237/): Traceback (most recent call last):
  File "/opt/ros/kinetic/lib/python2.7/dist-packages/rospy/impl/tcpros_base.py", line 558, in connect
    self.local_endpoint = self.socket.getsockname()
AttributeError: 'NoneType' object has no attribute 'getsockname'

